0 info it worked if it ends with ok
1 verbose cli [ 'C:\\Program Files\\nodejs\\node.exe',
1 verbose cli   'C:\\Users\\fabrizio.CISCOOP\\AppData\\Roaming\\npm\\node_modules\\npm\\bin\\npm-cli.js',
1 verbose cli   'publish' ]
2 info using npm@4.1.2
3 info using node@v4.3.1
4 verbose publish [ '.' ]
5 silly cache add args [ '.', null ]
6 verbose cache add spec .
7 silly cache add parsed spec Result {
7 silly cache add   raw: '.',
7 silly cache add   scope: null,
7 silly cache add   escapedName: null,
7 silly cache add   name: null,
7 silly cache add   rawSpec: '.',
7 silly cache add   spec: 'F:\\ProvaNPM',
7 silly cache add   type: 'directory' }
8 verbose addLocalDirectory C:\Users\fabrizio.CISCOOP\AppData\Roaming\npm-cache\prova\0.0.1\package.tgz not in flight; packing
9 verbose correctMkdir C:\Users\fabrizio.CISCOOP\AppData\Roaming\npm-cache correctMkdir not in flight; initializing
10 info lifecycle prova@0.0.1~prepublish: prova@0.0.1
11 silly lifecycle prova@0.0.1~prepublish: no script for prepublish, continuing
12 info lifecycle prova@0.0.1~prepare: prova@0.0.1
13 silly lifecycle prova@0.0.1~prepare: no script for prepare, continuing
14 verbose tar pack [ 'C:\\Users\\fabrizio.CISCOOP\\AppData\\Roaming\\npm-cache\\prova\\0.0.1\\package.tgz',
14 verbose tar pack   'F:\\ProvaNPM' ]
15 verbose tarball C:\Users\fabrizio.CISCOOP\AppData\Roaming\npm-cache\prova\0.0.1\package.tgz
16 verbose folder F:\ProvaNPM
17 verbose addLocalTarball adding from inside cache C:\Users\fabrizio.CISCOOP\AppData\Roaming\npm-cache\prova\0.0.1\package.tgz
18 verbose correctMkdir C:\Users\fabrizio.CISCOOP\AppData\Roaming\npm-cache correctMkdir not in flight; initializing
19 silly cache afterAdd prova@0.0.1
20 verbose afterAdd C:\Users\fabrizio.CISCOOP\AppData\Roaming\npm-cache\prova\0.0.1\package\package.json not in flight; writing
21 verbose correctMkdir C:\Users\fabrizio.CISCOOP\AppData\Roaming\npm-cache correctMkdir not in flight; initializing
22 verbose afterAdd C:\Users\fabrizio.CISCOOP\AppData\Roaming\npm-cache\prova\0.0.1\package\package.json written
23 silly publish { name: 'prova',
23 silly publish   version: '0.0.1',
23 silly publish   description: 'prova npm',
23 silly publish   main: 'main.js',
23 silly publish   scripts: { test: 'echo "Error: no test specified" && exit 1' },
23 silly publish   repository:
23 silly publish    { type: 'git',
23 silly publish      url: 'git+https://github.com/skorpiondeath/prova.git' },
23 silly publish   keywords: [ 'javascript' ],
23 silly publish   author:
23 silly publish    { name: 'Fabrizio Amici',
23 silly publish      email: '“fabri.cis@pa.sm”',
23 silly publish      url: '“none' },
23 silly publish   license: 'ISC',
23 silly publish   bugs: { url: 'https://github.com/skorpiondeath/prova/issues' },
23 silly publish   homepage: 'https://github.com/skorpiondeath/prova#readme',
23 silly publish   readme: 'Saluti\r\n=========\r\n\r\nProva saluti\r\n\r\n## Installation\r\n\r\n  `npm install @skorpiondeath/prova`\r\n\r\n## Usage\r\n\r\n    var greetings = require(\'@skorpiondeath/prova\');\r\n\r\n    greetings.sayHelloInItalian();\r\n  \r\n  \r\n  Output should be `CIAO`\r\n\r\n\r\n## Tests\r\n\r\n  `npm test`\r\n\r\n## Contributing\r\n\r\n',
23 silly publish   readmeFilename: 'README.md',
23 silly publish   gitHead: '049246854c0745bc0796598deff0984f64ae131c',
23 silly publish   _id: 'prova@0.0.1',
23 silly publish   _shasum: '14f3d4ea213eccc35c5cb89d951d098506f2cd26',
23 silly publish   _from: '.' }
24 info lifecycle prova@0.0.1~prepublishOnly: prova@0.0.1
25 silly lifecycle prova@0.0.1~prepublishOnly: no script for prepublishOnly, continuing
26 verbose getPublishConfig undefined
27 silly mapToRegistry name prova
28 silly mapToRegistry using default registry
29 silly mapToRegistry registry https://registry.npmjs.org/
30 silly mapToRegistry data Result {
30 silly mapToRegistry   raw: 'prova',
30 silly mapToRegistry   scope: null,
30 silly mapToRegistry   escapedName: 'prova',
30 silly mapToRegistry   name: 'prova',
30 silly mapToRegistry   rawSpec: '',
30 silly mapToRegistry   spec: 'latest',
30 silly mapToRegistry   type: 'tag' }
31 silly mapToRegistry uri https://registry.npmjs.org/prova
32 verbose publish registryBase https://registry.npmjs.org/
33 silly publish uploading C:\Users\fabrizio.CISCOOP\AppData\Roaming\npm-cache\prova\0.0.1\package.tgz
34 verbose request uri https://registry.npmjs.org/prova
35 verbose request sending authorization for write operation
36 info attempt registry request try #1 at 16:32:36
37 verbose request using bearer token for auth
38 verbose request id 01cf951fe82b477c
39 http request PUT https://registry.npmjs.org/prova
40 http 403 https://registry.npmjs.org/prova
41 verbose headers { 'content-type': 'application/json',
41 verbose headers   'cache-control': 'max-age=300',
41 verbose headers   'content-length': '99',
41 verbose headers   'accept-ranges': 'bytes',
41 verbose headers   date: 'Mon, 30 Jan 2017 15:32:37 GMT',
41 verbose headers   via: '1.1 varnish',
41 verbose headers   connection: 'keep-alive',
41 verbose headers   'x-served-by': 'cache-hhn1535-HHN',
41 verbose headers   'x-cache': 'MISS',
41 verbose headers   'x-cache-hits': '0',
41 verbose headers   'x-timer': 'S1485790356.646029,VS0,VE894',
41 verbose headers   vary: 'Accept-Encoding' }
42 verbose request invalidating C:\Users\fabrizio.CISCOOP\AppData\Roaming\npm-cache\registry.npmjs.org\prova on PUT
43 error publish Failed PUT 403
44 verbose stack Error: you do not have permission to publish "prova". Are you logged in as the correct user? : prova
44 verbose stack     at makeError (C:\Users\fabrizio.CISCOOP\AppData\Roaming\npm\node_modules\npm\node_modules\npm-registry-client\lib\request.js:304:12)
44 verbose stack     at CachingRegistryClient.<anonymous> (C:\Users\fabrizio.CISCOOP\AppData\Roaming\npm\node_modules\npm\node_modules\npm-registry-client\lib\request.js:292:14)
44 verbose stack     at Request._callback (C:\Users\fabrizio.CISCOOP\AppData\Roaming\npm\node_modules\npm\node_modules\npm-registry-client\lib\request.js:212:14)
44 verbose stack     at Request.self.callback (C:\Users\fabrizio.CISCOOP\AppData\Roaming\npm\node_modules\npm\node_modules\request\request.js:186:22)
44 verbose stack     at emitTwo (events.js:87:13)
44 verbose stack     at Request.emit (events.js:172:7)
44 verbose stack     at Request.<anonymous> (C:\Users\fabrizio.CISCOOP\AppData\Roaming\npm\node_modules\npm\node_modules\request\request.js:1081:10)
44 verbose stack     at emitOne (events.js:77:13)
44 verbose stack     at Request.emit (events.js:169:7)
44 verbose stack     at IncomingMessage.<anonymous> (C:\Users\fabrizio.CISCOOP\AppData\Roaming\npm\node_modules\npm\node_modules\request\request.js:1001:12)
45 verbose statusCode 403
46 verbose pkgid prova
47 verbose cwd F:\ProvaNPM
48 error Windows_NT 6.1.7601
49 error argv "C:\\Program Files\\nodejs\\node.exe" "C:\\Users\\fabrizio.CISCOOP\\AppData\\Roaming\\npm\\node_modules\\npm\\bin\\npm-cli.js" "publish"
50 error node v4.3.1
51 error npm  v4.1.2
52 error code E403
53 error you do not have permission to publish "prova". Are you logged in as the correct user? : prova
54 error If you need help, you may report this error at:
54 error     <https://github.com/npm/npm/issues>
55 verbose exit [ 1, true ]
